# JRE version: OpenJDK Runtime Environment Temurin-21.0.10+7 (21.0.10+7) (build 21.0.10+7-LTS)
# Java VM: OpenJDK 64-Bit Server VM Temurin-21.0.10+7 (21.0.10+7-LTS, mixed mode, sharing, tiered, compressed oops, compressed class ptrs, parallel gc, windows-amd64)
GC Precious Log:
 CardTable entry size: 512
 CPUs: 4 total, 4 available
 Memory: 4007M
 Large Page Support: Disabled
 NUMA Support: Disabled
 Compressed Oops: Enabled (32-bit)
 Alignments: Space 512K, Generation 512K, Heap 2M
 Heap Min Capacity: 100M
 Heap Initial Capacity: 100M
 Heap Max Capacity: 2G
 Pre-touch: Disabled
 Parallel Workers: 4
Heap:
 PSYoungGen      total 13312K, used 13176K [0x00000000d5580000, 0x00000000d6480000, 0x0000000100000000)
  eden space 12800K, 100% used [0x00000000d5580000,0x00000000d6200000,0x00000000d6200000)
  from space 512K, 73% used [0x00000000d6400000,0x00000000d645e3f8,0x00000000d6480000)
  to   space 512K, 100% used [0x00000000d6380000,0x00000000d6400000,0x00000000d6400000)
 ParOldGen       total 68608K, used 57480K [0x0000000080000000, 0x0000000084300000, 0x00000000d5580000)
  object space 68608K, 83% used [0x0000000080000000,0x0000000083822130,0x0000000084300000)
 Metaspace       used 73287K, committed 74752K, reserved 1114112K
  class space    used 9034K, committed 9664K, reserved 1048576K
GC Heap History (20 events):
Event: 1632.702 GC heap before
{Heap before GC invocations=118 (full 3):
 PSYoungGen      total 13824K, used 13376K [0x00000000d5580000, 0x00000000d6600000, 0x0000000100000000)
  eden space 13312K, 100% used [0x00000000d5580000,0x00000000d6280000,0x00000000d6280000)
  from space 512K, 12% used [0x00000000d6580000,0x00000000d6590000,0x00000000d6600000)
  to   space 512K, 0% used [0x00000000d6500000,0x00000000d6500000,0x00000000d6580000)
 ParOldGen       total 68608K, used 48403K [0x0000000080000000, 0x0000000084300000, 0x00000000d5580000)
  object space 68608K, 70% used [0x0000000080000000,0x0000000082f44d00,0x0000000084300000)
 Metaspace       used 69496K, committed 70784K, reserved 1114112K
  class space    used 8627K, committed 9216K, reserved 1048576K
}
Event: 1632.704 GC heap after
{Heap after GC invocations=118 (full 3):
 PSYoungGen      total 13824K, used 96K [0x00000000d5580000, 0x00000000d6600000, 0x0000000100000000)
  eden space 13312K, 0% used [0x00000000d5580000,0x00000000d5580000,0x00000000d6280000)
  from space 512K, 18% used [0x00000000d6500000,0x00000000d6518000,0x00000000d6580000)
  to   space 512K, 0% used [0x00000000d6580000,0x00000000d6580000,0x00000000d6600000)
 ParOldGen       total 68608K, used 48403K [0x0000000080000000, 0x0000000084300000, 0x00000000d5580000)
  object space 68608K, 70% used [0x0000000080000000,0x0000000082f44d00,0x0000000084300000)
 Metaspace       used 69496K, committed 70784K, reserved 1114112K
  class space    used 8627K, committed 9216K, reserved 1048576K
}
Event: 1636.830 GC heap before
{Heap before GC invocations=119 (full 3):
 PSYoungGen      total 13824K, used 13408K [0x00000000d5580000, 0x00000000d6600000, 0x0000000100000000)
  eden space 13312K, 100% used [0x00000000d5580000,0x00000000d6280000,0x00000000d6280000)
  from space 512K, 18% used [0x00000000d6500000,0x00000000d6518000,0x00000000d6580000)
  to   space 512K, 0% used [0x00000000d6580000,0x00000000d6580000,0x00000000d6600000)
 ParOldGen       total 68608K, used 48403K [0x0000000080000000, 0x0000000084300000, 0x00000000d5580000)
  object space 68608K, 70% used [0x0000000080000000,0x0000000082f44d00,0x0000000084300000)
 Metaspace       used 69496K, committed 70784K, reserved 1114112K
  class space    used 8627K, committed 9216K, reserved 1048576K
}
Event: 1636.832 GC heap after
{Heap after GC invocations=119 (full 3):
 PSYoungGen      total 13824K, used 96K [0x00000000d5580000, 0x00000000d6600000, 0x0000000100000000)
  eden space 13312K, 0% used [0x00000000d5580000,0x00000000d5580000,0x00000000d6280000)
  from space 512K, 18% used [0x00000000d6580000,0x00000000d6598000,0x00000000d6600000)
  to   space 512K, 0% used [0x00000000d6500000,0x00000000d6500000,0x00000000d6580000)
 ParOldGen       total 68608K, used 48411K [0x0000000080000000, 0x0000000084300000, 0x00000000d5580000)
  object space 68608K, 70% used [0x0000000080000000,0x0000000082f46d00,0x0000000084300000)
 Metaspace       used 69496K, committed 70784K, reserved 1114112K
  class space    used 8627K, committed 9216K, reserved 1048576K
}
Event: 1642.330 GC heap before
{Heap before GC invocations=120 (full 3):
 PSYoungGen      total 13824K, used 13408K [0x00000000d5580000, 0x00000000d6600000, 0x0000000100000000)
  eden space 13312K, 100% used [0x00000000d5580000,0x00000000d6280000,0x00000000d6280000)
  from space 512K, 18% used [0x00000000d6580000,0x00000000d6598000,0x00000000d6600000)
  to   space 512K, 0% used [0x00000000d6500000,0x00000000d6500000,0x00000000d6580000)
 ParOldGen       total 68608K, used 48411K [0x0000000080000000, 0x0000000084300000, 0x00000000d5580000)
  object space 68608K, 70% used [0x0000000080000000,0x0000000082f46d00,0x0000000084300000)
 Metaspace       used 69939K, committed 71296K, reserved 1114112K
  class space    used 8689K, committed 9280K, reserved 1048576K
}
Event: 1642.343 GC heap after
{Heap after GC invocations=120 (full 3):
 PSYoungGen      total 13824K, used 492K [0x00000000d5580000, 0x00000000d6600000, 0x0000000100000000)
  eden space 13312K, 0% used [0x00000000d5580000,0x00000000d5580000,0x00000000d6280000)
  from space 512K, 96% used [0x00000000d6500000,0x00000000d657b2b8,0x00000000d6580000)
  to   space 512K, 0% used [0x00000000d6580000,0x00000000d6580000,0x00000000d6600000)
 ParOldGen       total 68608K, used 48707K [0x0000000080000000, 0x0000000084300000, 0x00000000d5580000)
  object space 68608K, 70% used [0x0000000080000000,0x0000000082f90d00,0x0000000084300000)
 Metaspace       used 69939K, committed 71296K, reserved 1114112K
  class space    used 8689K, committed 9280K, reserved 1048576K
}
Event: 1647.078 GC heap before
{Heap before GC invocations=121 (full 3):
 PSYoungGen      total 13824K, used 13770K [0x00000000d5580000, 0x00000000d6600000, 0x0000000100000000)
  eden space 13312K, 99% used [0x00000000d5580000,0x00000000d6277580,0x00000000d6280000)
  from space 512K, 96% used [0x00000000d6500000,0x00000000d657b2b8,0x00000000d6580000)
  to   space 512K, 0% used [0x00000000d6580000,0x00000000d6580000,0x00000000d6600000)
 ParOldGen       total 68608K, used 48707K [0x0000000080000000, 0x0000000084300000, 0x00000000d5580000)
  object space 68608K, 70% used [0x0000000080000000,0x0000000082f90d00,0x0000000084300000)
 Metaspace       used 71035K, committed 72384K, reserved 1114112K
  class space    used 8835K, committed 9408K, reserved 1048576K
}
Event: 1647.090 GC heap after
{Heap after GC invocations=121 (full 3):
 PSYoungGen      total 13824K, used 508K [0x00000000d5580000, 0x00000000d6600000, 0x0000000100000000)
  eden space 13312K, 0% used [0x00000000d5580000,0x00000000d5580000,0x00000000d6280000)
  from space 512K, 99% used [0x00000000d6580000,0x00000000d65ff250,0x00000000d6600000)
  to   space 1536K, 0% used [0x00000000d6300000,0x00000000d6300000,0x00000000d6480000)
 ParOldGen       total 68608K, used 49273K [0x0000000080000000, 0x0000000084300000, 0x00000000d5580000)
  object space 68608K, 71% used [0x0000000080000000,0x000000008301e620,0x0000000084300000)
 Metaspace       used 71035K, committed 72384K, reserved 1114112K
  class space    used 8835K, committed 9408K, reserved 1048576K
}
Event: 1651.506 GC heap before
{Heap before GC invocations=122 (full 3):
 PSYoungGen      total 13824K, used 13820K [0x00000000d5580000, 0x00000000d6600000, 0x0000000100000000)
  eden space 13312K, 100% used [0x00000000d5580000,0x00000000d6280000,0x00000000d6280000)
  from space 512K, 99% used [0x00000000d6580000,0x00000000d65ff250,0x00000000d6600000)
  to   space 1536K, 0% used [0x00000000d6300000,0x00000000d6300000,0x00000000d6480000)
 ParOldGen       total 68608K, used 49273K [0x0000000080000000, 0x0000000084300000, 0x00000000d5580000)
  object space 68608K, 71% used [0x0000000080000000,0x000000008301e620,0x0000000084300000)
 Metaspace       used 72159K, committed 73536K, reserved 1114112K
  class space    used 8939K, committed 9536K, reserved 1048576K
}
Event: 1651.530 GC heap after
{Heap after GC invocations=122 (full 3):
 PSYoungGen      total 14848K, used 976K [0x00000000d5580000, 0x00000000d6600000, 0x0000000100000000)
  eden space 13312K, 0% used [0x00000000d5580000,0x00000000d5580000,0x00000000d6280000)
  from space 1536K, 63% used [0x00000000d6300000,0x00000000d63f4010,0x00000000d6480000)
  to   space 1024K, 0% used [0x00000000d6500000,0x00000000d6500000,0x00000000d6600000)
 ParOldGen       total 68608K, used 50436K [0x0000000080000000, 0x0000000084300000, 0x00000000d5580000)
  object space 68608K, 73% used [0x0000000080000000,0x0000000083141118,0x0000000084300000)
 Metaspace       used 72159K, committed 73536K, reserved 1114112K
  class space    used 8939K, committed 9536K, reserved 1048576K
}
Event: 1656.744 GC heap before
{Heap before GC invocations=123 (full 3):
 PSYoungGen      total 14848K, used 14288K [0x00000000d5580000, 0x00000000d6600000, 0x0000000100000000)
  eden space 13312K, 100% used [0x00000000d5580000,0x00000000d6280000,0x00000000d6280000)
  from space 1536K, 63% used [0x00000000d6300000,0x00000000d63f4010,0x00000000d6480000)
  to   space 1024K, 0% used [0x00000000d6500000,0x00000000d6500000,0x00000000d6600000)
 ParOldGen       total 68608K, used 50436K [0x0000000080000000, 0x0000000084300000, 0x00000000d5580000)
  object space 68608K, 73% used [0x0000000080000000,0x0000000083141118,0x0000000084300000)
 Metaspace       used 72984K, committed 74432K, reserved 1114112K
  class space    used 9019K, committed 9664K, reserved 1048576K
}
Event: 1656.768 GC heap after
{Heap after GC invocations=123 (full 3):
 PSYoungGen      total 13824K, used 1020K [0x00000000d5580000, 0x00000000d6880000, 0x0000000100000000)
  eden space 12800K, 0% used [0x00000000d5580000,0x00000000d5580000,0x00000000d6200000)
  from space 1024K, 99% used [0x00000000d6500000,0x00000000d65ff288,0x00000000d6600000)
  to   space 3072K, 0% used [0x00000000d6200000,0x00000000d6200000,0x00000000d6500000)
 ParOldGen       total 68608K, used 51826K [0x0000000080000000, 0x0000000084300000, 0x00000000d5580000)
  object space 68608K, 75% used [0x0000000080000000,0x000000008329caa8,0x0000000084300000)
 Metaspace       used 72984K, committed 74432K, reserved 1114112K
  class space    used 9019K, committed 9664K, reserved 1048576K
}
Event: 1657.791 GC heap before
{Heap before GC invocations=124 (full 3):
 PSYoungGen      total 13824K, used 13820K [0x00000000d5580000, 0x00000000d6880000, 0x0000000100000000)
  eden space 12800K, 100% used [0x00000000d5580000,0x00000000d6200000,0x00000000d6200000)
  from space 1024K, 99% used [0x00000000d6500000,0x00000000d65ff288,0x00000000d6600000)
  to   space 3072K, 0% used [0x00000000d6200000,0x00000000d6200000,0x00000000d6500000)
 ParOldGen       total 68608K, used 51826K [0x0000000080000000, 0x0000000084300000, 0x00000000d5580000)
  object space 68608K, 75% used [0x0000000080000000,0x000000008329caa8,0x0000000084300000)
 Metaspace       used 73204K, committed 74624K, reserved 1114112K
  class space    used 9031K, committed 9664K, reserved 1048576K
}
Event: 1657.833 GC heap after
{Heap after GC invocations=124 (full 3):
 PSYoungGen      total 14848K, used 1953K [0x00000000d5580000, 0x00000000d6700000, 0x0000000100000000)
  eden space 12800K, 0% used [0x00000000d5580000,0x00000000d5580000,0x00000000d6200000)
  from space 2048K, 95% used [0x00000000d6200000,0x00000000d63e87b8,0x00000000d6400000)
  to   space 2560K, 0% used [0x00000000d6480000,0x00000000d6480000,0x00000000d6700000)
 ParOldGen       total 68608K, used 52779K [0x0000000080000000, 0x0000000084300000, 0x00000000d5580000)
  object space 68608K, 76% used [0x0000000080000000,0x000000008338aef8,0x0000000084300000)
 Metaspace       used 73204K, committed 74624K, reserved 1114112K
  class space    used 9031K, committed 9664K, reserved 1048576K
}
Event: 1660.321 GC heap before
{Heap before GC invocations=125 (full 3):
 PSYoungGen      total 14848K, used 14753K [0x00000000d5580000, 0x00000000d6700000, 0x0000000100000000)
  eden space 12800K, 100% used [0x00000000d5580000,0x00000000d6200000,0x00000000d6200000)
  from space 2048K, 95% used [0x00000000d6200000,0x00000000d63e87b8,0x00000000d6400000)
  to   space 2560K, 0% used [0x00000000d6480000,0x00000000d6480000,0x00000000d6700000)
 ParOldGen       total 68608K, used 52779K [0x0000000080000000, 0x0000000084300000, 0x00000000d5580000)
  object space 68608K, 76% used [0x0000000080000000,0x000000008338aef8,0x0000000084300000)
 Metaspace       used 73263K, committed 74752K, reserved 1114112K
  class space    used 9034K, committed 9664K, reserved 1048576K
}
Event: 1660.338 GC heap after
{Heap after GC invocations=125 (full 3):
 PSYoungGen      total 14336K, used 1351K [0x00000000d5580000, 0x00000000d6600000, 0x0000000100000000)
  eden space 12800K, 0% used [0x00000000d5580000,0x00000000d5580000,0x00000000d6200000)
  from space 1536K, 87% used [0x00000000d6480000,0x00000000d65d1da8,0x00000000d6600000)
  to   space 2048K, 0% used [0x00000000d6200000,0x00000000d6200000,0x00000000d6400000)
 ParOldGen       total 68608K, used 54633K [0x0000000080000000, 0x0000000084300000, 0x00000000d5580000)
  object space 68608K, 79% used [0x0000000080000000,0x000000008355a5f0,0x0000000084300000)
 Metaspace       used 73263K, committed 74752K, reserved 1114112K
  class space    used 9034K, committed 9664K, reserved 1048576K
}
Event: 1661.565 GC heap before
{Heap before GC invocations=126 (full 3):
 PSYoungGen      total 14336K, used 14151K [0x00000000d5580000, 0x00000000d6600000, 0x0000000100000000)
  eden space 12800K, 100% used [0x00000000d5580000,0x00000000d6200000,0x00000000d6200000)
  from space 1536K, 87% used [0x00000000d6480000,0x00000000d65d1da8,0x00000000d6600000)
  to   space 2048K, 0% used [0x00000000d6200000,0x00000000d6200000,0x00000000d6400000)
 ParOldGen       total 68608K, used 54633K [0x0000000080000000, 0x0000000084300000, 0x00000000d5580000)
  object space 68608K, 79% used [0x0000000080000000,0x000000008355a5f0,0x0000000084300000)
 Metaspace       used 73263K, committed 74752K, reserved 1114112K
  class space    used 9034K, committed 9664K, reserved 1048576K
}
Event: 1661.576 GC heap after
{Heap after GC invocations=126 (full 3):
 PSYoungGen      total 14848K, used 160K [0x00000000d5580000, 0x00000000d6500000, 0x0000000100000000)
  eden space 12800K, 0% used [0x00000000d5580000,0x00000000d5580000,0x00000000d6200000)
  from space 2048K, 7% used [0x00000000d6200000,0x00000000d6228000,0x00000000d6400000)
  to   space 1024K, 0% used [0x00000000d6400000,0x00000000d6400000,0x00000000d6500000)
 ParOldGen       total 68608K, used 55945K [0x0000000080000000, 0x0000000084300000, 0x00000000d5580000)
  object space 68608K, 81% used [0x0000000080000000,0x00000000836a2418,0x0000000084300000)
 Metaspace       used 73263K, committed 74752K, reserved 1114112K
  class space    used 9034K, committed 9664K, reserved 1048576K
}
Event: 1662.372 GC heap before
{Heap before GC invocations=127 (full 3):
 PSYoungGen      total 14848K, used 12960K [0x00000000d5580000, 0x00000000d6500000, 0x0000000100000000)
  eden space 12800K, 100% used [0x00000000d5580000,0x00000000d6200000,0x00000000d6200000)
  from space 2048K, 7% used [0x00000000d6200000,0x00000000d6228000,0x00000000d6400000)
  to   space 1024K, 0% used [0x00000000d6400000,0x00000000d6400000,0x00000000d6500000)
 ParOldGen       total 68608K, used 56134K [0x0000000080000000, 0x0000000084300000, 0x00000000d5580000)
  object space 68608K, 81% used [0x0000000080000000,0x00000000836d1bc0,0x0000000084300000)
 Metaspace       used 73263K, committed 74752K, reserved 1114112K
  class space    used 9034K, committed 9664K, reserved 1048576K
}
Event: 1662.386 GC heap after
{Heap after GC invocations=127 (full 3):
 PSYoungGen      total 13312K, used 376K [0x00000000d5580000, 0x00000000d6480000, 0x0000000100000000)
  eden space 12800K, 0% used [0x00000000d5580000,0x00000000d5580000,0x00000000d6200000)
  from space 512K, 73% used [0x00000000d6400000,0x00000000d645e3f8,0x00000000d6480000)
  to   space 512K, 0% used [0x00000000d6380000,0x00000000d6380000,0x00000000d6400000)
 ParOldGen       total 68608K, used 56194K [0x0000000080000000, 0x0000000084300000, 0x00000000d5580000)
  object space 68608K, 81% used [0x0000000080000000,0x00000000836e0850,0x0000000084300000)
 Metaspace       used 73263K, committed 74752K, reserved 1114112K
  class space    used 9034K, committed 9664K, reserved 1048576K
}

